  [1m[35m (517.6ms)[0m  [1m[35mCREATE DATABASE "pipeline_testing_development" ENCODING = 'unicode'[0m
  [1m[35m (406.4ms)[0m  [1m[35mCREATE DATABASE "pipeline_testing_test" ENCODING = 'unicode'[0m
  [1m[35m (7.0ms)[0m  [1m[35mCREATE TABLE "schema_migrations" ("version" character varying NOT NULL PRIMARY KEY)[0m
  [1m[35m (5.2ms)[0m  [1m[35mCREATE TABLE "ar_internal_metadata" ("key" character varying NOT NULL PRIMARY KEY, "value" character varying, "created_at" timestamp(6) NOT NULL, "updated_at" timestamp(6) NOT NULL)[0m
  [1m[35m (0.2ms)[0m  [1m[34mSELECT pg_try_advisory_lock(6484109911190154495)[0m
  [1m[35m (0.3ms)[0m  [1m[34mSELECT "schema_migrations"."version" FROM "schema_migrations" ORDER BY "schema_migrations"."version" ASC[0m
  [1m[36mActiveRecord::InternalMetadata Load (0.2ms)[0m  [1m[34mSELECT "ar_internal_metadata".* FROM "ar_internal_metadata" WHERE "ar_internal_metadata"."key" = $1 LIMIT $2[0m  [["key", "environment"], ["LIMIT", 1]]
  [1m[35m (0.1ms)[0m  [1m[35mBEGIN[0m
  [1m[36mActiveRecord::InternalMetadata Create (0.4ms)[0m  [1m[32mINSERT INTO "ar_internal_metadata" ("key", "value", "created_at", "updated_at") VALUES ($1, $2, $3, $4) RETURNING "key"[0m  [["key", "environment"], ["value", "development"], ["created_at", "2019-10-14 20:25:06.931673"], ["updated_at", "2019-10-14 20:25:06.931673"]]
  [1m[35m (0.2ms)[0m  [1m[35mCOMMIT[0m
  [1m[35m (0.2ms)[0m  [1m[34mSELECT pg_advisory_unlock(6484109911190154495)[0m
  [1m[35m (0.4ms)[0m  [1m[34mSELECT "schema_migrations"."version" FROM "schema_migrations" ORDER BY "schema_migrations"."version" ASC[0m
Started GET "/" for ::1 at 2019-10-14 21:25:24 +0100
Processing by HomeController#index as HTML
  Rendering home/index.html.erb within layouts/application
  Rendered home/index.html.erb within layouts/application (Duration: 2.0ms | Allocations: 371)
[Webpacker] Compiling…
[Webpacker] Compiled all packs in /Users/cbaker/Development/development-workflow/pipeline-testing/public/packs
  Rendered layouts/_topnav.html.erb (Duration: 0.5ms | Allocations: 247)
  Rendered layouts/_messages.html.erb (Duration: 0.5ms | Allocations: 302)
Completed 200 OK in 4959ms (Views: 4951.6ms | ActiveRecord: 0.0ms | Allocations: 7789)


